{"level":"info","message":"Post data fetched successfully"}
{"level":"info","message":"Post data fetched successfully"}
{"level":"info","message":"Post data fetched successfully"}
{"level":"info","message":"Post data fetched successfully"}
{"level":"info","message":"Post data fetched successfully"}
{"level":"info","message":"Post data fetched successfully"}
{"level":"error","message":"Post data fetched successfully"}
{"level":"info","message":"Post data fetched successfully"}
{"level":"error","message":""}
{"level":"info","message":"Post data fetched successfully"}
{"level":"error","message":"Failed to fetch post data"}
{"level":"info","message":"Post data fetched successfully"}
{"level":"error","message":"Failed to fetch post data"}
{"level":"error","message":"Failed to fetch post data"}
{"level":"error","message":"Failed to fetch post data"}
{"level":"error","message":"Failed to fetch post data"}
{"level":"error","message":"Failed to fetch post data"}
{"level":"error","message":"Failed to fetch post data"}
{"level":"error","message":"Failed to fetch post data"}
{"level":"error","message":"Failed to fetch post data"}
{"level":"info","message":"Post data fetched successfully"}
{"level":"info","message":"aaa"}
{"level":"info","message":"aaa"}
{"level":"info"}
{"level":"info"}
{"level":"info"}
{"level":"info"}
{"level":"info"}
{"level":"info","message":"dicas-de-acessibilidade-web"}
{"level":"info","message":"introducao-ao-typescript"}
{"level":"info","message":"introducao-ao-react"}
{"level":"info","message":"css-grid-na-pratica"}
